# JRE version: OpenJDK Runtime Environment Temurin-17.0.7+7 (17.0.7+7) (build 17.0.7+7)
# Java VM: OpenJDK 64-Bit Server VM Temurin-17.0.7+7 (17.0.7+7, mixed mode, tiered, compressed oops, compressed class ptrs, parallel gc, windows-amd64)
GC Precious Log:
 CPUs: 8 total, 8 available
 Memory: 16107M
 Large Page Support: Disabled
 NUMA Support: Disabled
 Compressed Oops: Enabled (32-bit)
 Alignments: Space 512K, Generation 512K, Heap 2M
 Heap Min Capacity: 100M
 Heap Initial Capacity: 100M
 Heap Max Capacity: 1G
 Pre-touch: Disabled
 Parallel Workers: 8
Heap:
 PSYoungGen      total 17408K, used 15655K [0x00000000eab00000, 0x00000000ebf00000, 0x0000000100000000)
  eden space 15360K, 90% used [0x00000000eab00000,0x00000000eb894928,0x00000000eba00000)
  from space 2048K, 85% used [0x00000000ebd00000,0x00000000ebeb5670,0x00000000ebf00000)
  to   space 2048K, 0% used [0x00000000ebb00000,0x00000000ebb00000,0x00000000ebd00000)
 ParOldGen       total 158208K, used 145514K [0x00000000c0000000, 0x00000000c9a80000, 0x00000000eab00000)
  object space 158208K, 91% used [0x00000000c0000000,0x00000000c8e1aad8,0x00000000c9a80000)
 Metaspace       used 75821K, committed 77120K, reserved 1179648K
  class space    used 8130K, committed 8704K, reserved 1048576K
GC Heap History (20 events):
Event: 18.234 GC heap before
{Heap before GC invocations=80 (full 5):
 PSYoungGen      total 19456K, used 19216K [0x00000000eab00000, 0x00000000ec800000, 0x0000000100000000)
  eden space 16896K, 99% used [0x00000000eab00000,0x00000000ebb7ffc0,0x00000000ebb80000)
  from space 2560K, 90% used [0x00000000ec580000,0x00000000ec7c43f0,0x00000000ec800000)
  to   space 5120K, 0% used [0x00000000ebe00000,0x00000000ebe00000,0x00000000ec300000)
 ParOldGen       total 158208K, used 137833K [0x00000000c0000000, 0x00000000c9a80000, 0x00000000eab00000)
  object space 158208K, 87% used [0x00000000c0000000,0x00000000c869a5b0,0x00000000c9a80000)
 Metaspace       used 70652K, committed 71872K, reserved 1114112K
  class space    used 7504K, committed 8000K, reserved 1048576K
}
Event: 18.235 GC heap after
{Heap after GC invocations=80 (full 5):
 PSYoungGen      total 23040K, used 2268K [0x00000000eab00000, 0x00000000ec600000, 0x0000000100000000)
  eden space 17920K, 0% used [0x00000000eab00000,0x00000000eab00000,0x00000000ebc80000)
  from space 5120K, 44% used [0x00000000ebe00000,0x00000000ec0371f0,0x00000000ec300000)
  to   space 3072K, 0% used [0x00000000ec300000,0x00000000ec300000,0x00000000ec600000)
 ParOldGen       total 158208K, used 137841K [0x00000000c0000000, 0x00000000c9a80000, 0x00000000eab00000)
  object space 158208K, 87% used [0x00000000c0000000,0x00000000c869c5b0,0x00000000c9a80000)
 Metaspace       used 70652K, committed 71872K, reserved 1114112K
  class space    used 7504K, committed 8000K, reserved 1048576K
}
Event: 19.845 GC heap before
{Heap before GC invocations=81 (full 5):
 PSYoungGen      total 23040K, used 20188K [0x00000000eab00000, 0x00000000ec600000, 0x0000000100000000)
  eden space 17920K, 100% used [0x00000000eab00000,0x00000000ebc80000,0x00000000ebc80000)
  from space 5120K, 44% used [0x00000000ebe00000,0x00000000ec0371f0,0x00000000ec300000)
  to   space 3072K, 0% used [0x00000000ec300000,0x00000000ec300000,0x00000000ec600000)
 ParOldGen       total 158208K, used 137841K [0x00000000c0000000, 0x00000000c9a80000, 0x00000000eab00000)
  object space 158208K, 87% used [0x00000000c0000000,0x00000000c869c5b0,0x00000000c9a80000)
 Metaspace       used 70862K, committed 72064K, reserved 1114112K
  class space    used 7530K, committed 8000K, reserved 1048576K
}
Event: 19.848 GC heap after
{Heap after GC invocations=81 (full 5):
 PSYoungGen      total 17408K, used 3053K [0x00000000eab00000, 0x00000000ed100000, 0x0000000100000000)
  eden space 14336K, 0% used [0x00000000eab00000,0x00000000eab00000,0x00000000eb900000)
  from space 3072K, 99% used [0x00000000ec300000,0x00000000ec5fb5e0,0x00000000ec600000)
  to   space 10240K, 0% used [0x00000000eb900000,0x00000000eb900000,0x00000000ec300000)
 ParOldGen       total 158208K, used 143577K [0x00000000c0000000, 0x00000000c9a80000, 0x00000000eab00000)
  object space 158208K, 90% used [0x00000000c0000000,0x00000000c8c365b0,0x00000000c9a80000)
 Metaspace       used 70862K, committed 72064K, reserved 1114112K
  class space    used 7530K, committed 8000K, reserved 1048576K
}
Event: 23.264 GC heap before
{Heap before GC invocations=82 (full 5):
 PSYoungGen      total 17408K, used 17389K [0x00000000eab00000, 0x00000000ed100000, 0x0000000100000000)
  eden space 14336K, 100% used [0x00000000eab00000,0x00000000eb900000,0x00000000eb900000)
  from space 3072K, 99% used [0x00000000ec300000,0x00000000ec5fb5e0,0x00000000ec600000)
  to   space 10240K, 0% used [0x00000000eb900000,0x00000000eb900000,0x00000000ec300000)
 ParOldGen       total 158208K, used 143577K [0x00000000c0000000, 0x00000000c9a80000, 0x00000000eab00000)
  object space 158208K, 90% used [0x00000000c0000000,0x00000000c8c365b0,0x00000000c9a80000)
 Metaspace       used 70933K, committed 72064K, reserved 1114112K
  class space    used 7533K, committed 8000K, reserved 1048576K
}
Event: 23.266 GC heap after
{Heap after GC invocations=82 (full 5):
 PSYoungGen      total 16384K, used 1852K [0x00000000eab00000, 0x00000000ec380000, 0x0000000100000000)
  eden space 14336K, 0% used [0x00000000eab00000,0x00000000eab00000,0x00000000eb900000)
  from space 2048K, 90% used [0x00000000eb900000,0x00000000ebacf1f0,0x00000000ebb00000)
  to   space 4608K, 0% used [0x00000000ebf00000,0x00000000ebf00000,0x00000000ec380000)
 ParOldGen       total 158208K, used 143777K [0x00000000c0000000, 0x00000000c9a80000, 0x00000000eab00000)
  object space 158208K, 90% used [0x00000000c0000000,0x00000000c8c685b0,0x00000000c9a80000)
 Metaspace       used 70933K, committed 72064K, reserved 1114112K
  class space    used 7533K, committed 8000K, reserved 1048576K
}
Event: 27.282 GC heap before
{Heap before GC invocations=83 (full 5):
 PSYoungGen      total 16384K, used 16158K [0x00000000eab00000, 0x00000000ec380000, 0x0000000100000000)
  eden space 14336K, 99% used [0x00000000eab00000,0x00000000eb8f86f0,0x00000000eb900000)
  from space 2048K, 90% used [0x00000000eb900000,0x00000000ebacf1f0,0x00000000ebb00000)
  to   space 4608K, 0% used [0x00000000ebf00000,0x00000000ebf00000,0x00000000ec380000)
 ParOldGen       total 158208K, used 143777K [0x00000000c0000000, 0x00000000c9a80000, 0x00000000eab00000)
  object space 158208K, 90% used [0x00000000c0000000,0x00000000c8c685b0,0x00000000c9a80000)
 Metaspace       used 71101K, committed 72320K, reserved 1114112K
  class space    used 7553K, committed 8000K, reserved 1048576K
}
Event: 27.283 GC heap after
{Heap after GC invocations=83 (full 5):
 PSYoungGen      total 16896K, used 1996K [0x00000000eab00000, 0x00000000ec100000, 0x0000000100000000)
  eden space 14848K, 0% used [0x00000000eab00000,0x00000000eab00000,0x00000000eb980000)
  from space 2048K, 97% used [0x00000000ebf00000,0x00000000ec0f3200,0x00000000ec100000)
  to   space 2560K, 0% used [0x00000000ebc00000,0x00000000ebc00000,0x00000000ebe80000)
 ParOldGen       total 158208K, used 143785K [0x00000000c0000000, 0x00000000c9a80000, 0x00000000eab00000)
  object space 158208K, 90% used [0x00000000c0000000,0x00000000c8c6a5b0,0x00000000c9a80000)
 Metaspace       used 71101K, committed 72320K, reserved 1114112K
  class space    used 7553K, committed 8000K, reserved 1048576K
}
Event: 27.487 GC heap before
{Heap before GC invocations=84 (full 5):
 PSYoungGen      total 16896K, used 16844K [0x00000000eab00000, 0x00000000ec100000, 0x0000000100000000)
  eden space 14848K, 100% used [0x00000000eab00000,0x00000000eb980000,0x00000000eb980000)
  from space 2048K, 97% used [0x00000000ebf00000,0x00000000ec0f3200,0x00000000ec100000)
  to   space 2560K, 0% used [0x00000000ebc00000,0x00000000ebc00000,0x00000000ebe80000)
 ParOldGen       total 158208K, used 143785K [0x00000000c0000000, 0x00000000c9a80000, 0x00000000eab00000)
  object space 158208K, 90% used [0x00000000c0000000,0x00000000c8c6a5b0,0x00000000c9a80000)
 Metaspace       used 72868K, committed 74112K, reserved 1179648K
  class space    used 7773K, committed 8320K, reserved 1048576K
}
Event: 27.488 GC heap after
{Heap after GC invocations=84 (full 5):
 PSYoungGen      total 17920K, used 2189K [0x00000000eab00000, 0x00000000ebf80000, 0x0000000100000000)
  eden space 15360K, 0% used [0x00000000eab00000,0x00000000eab00000,0x00000000eba00000)
  from space 2560K, 85% used [0x00000000ebc00000,0x00000000ebe23670,0x00000000ebe80000)
  to   space 1024K, 0% used [0x00000000ebe80000,0x00000000ebe80000,0x00000000ebf80000)
 ParOldGen       total 158208K, used 143785K [0x00000000c0000000, 0x00000000c9a80000, 0x00000000eab00000)
  object space 158208K, 90% used [0x00000000c0000000,0x00000000c8c6a5b0,0x00000000c9a80000)
 Metaspace       used 72868K, committed 74112K, reserved 1179648K
  class space    used 7773K, committed 8320K, reserved 1048576K
}
Event: 67.984 GC heap before
{Heap before GC invocations=85 (full 5):
 PSYoungGen      total 17920K, used 17549K [0x00000000eab00000, 0x00000000ebf80000, 0x0000000100000000)
  eden space 15360K, 99% used [0x00000000eab00000,0x00000000eb9ffff0,0x00000000eba00000)
  from space 2560K, 85% used [0x00000000ebc00000,0x00000000ebe23670,0x00000000ebe80000)
  to   space 1024K, 0% used [0x00000000ebe80000,0x00000000ebe80000,0x00000000ebf80000)
 ParOldGen       total 158208K, used 143785K [0x00000000c0000000, 0x00000000c9a80000, 0x00000000eab00000)
  object space 158208K, 90% used [0x00000000c0000000,0x00000000c8c6a5b0,0x00000000c9a80000)
 Metaspace       used 74092K, committed 75328K, reserved 1179648K
  class space    used 7976K, committed 8512K, reserved 1048576K
}
Event: 67.985 GC heap after
{Heap after GC invocations=85 (full 5):
 PSYoungGen      total 16384K, used 1023K [0x00000000eab00000, 0x00000000ebf80000, 0x0000000100000000)
  eden space 15360K, 0% used [0x00000000eab00000,0x00000000eab00000,0x00000000eba00000)
  from space 1024K, 99% used [0x00000000ebe80000,0x00000000ebf7fd58,0x00000000ebf80000)
  to   space 2560K, 0% used [0x00000000eba80000,0x00000000eba80000,0x00000000ebd00000)
 ParOldGen       total 158208K, used 145052K [0x00000000c0000000, 0x00000000c9a80000, 0x00000000eab00000)
  object space 158208K, 91% used [0x00000000c0000000,0x00000000c8da71e0,0x00000000c9a80000)
 Metaspace       used 74092K, committed 75328K, reserved 1179648K
  class space    used 7976K, committed 8512K, reserved 1048576K
}
Event: 68.881 GC heap before
{Heap before GC invocations=86 (full 5):
 PSYoungGen      total 16384K, used 16383K [0x00000000eab00000, 0x00000000ebf80000, 0x0000000100000000)
  eden space 15360K, 100% used [0x00000000eab00000,0x00000000eba00000,0x00000000eba00000)
  from space 1024K, 99% used [0x00000000ebe80000,0x00000000ebf7fd58,0x00000000ebf80000)
  to   space 2560K, 0% used [0x00000000eba80000,0x00000000eba80000,0x00000000ebd00000)
 ParOldGen       total 158208K, used 145052K [0x00000000c0000000, 0x00000000c9a80000, 0x00000000eab00000)
  object space 158208K, 91% used [0x00000000c0000000,0x00000000c8da71e0,0x00000000c9a80000)
 Metaspace       used 74209K, committed 75456K, reserved 1179648K
  class space    used 7979K, committed 8512K, reserved 1048576K
}
Event: 68.883 GC heap after
{Heap after GC invocations=86 (full 5):
 PSYoungGen      total 17920K, used 2095K [0x00000000eab00000, 0x00000000ebf00000, 0x0000000100000000)
  eden space 15360K, 0% used [0x00000000eab00000,0x00000000eab00000,0x00000000eba00000)
  from space 2560K, 81% used [0x00000000eba80000,0x00000000ebc8bf70,0x00000000ebd00000)
  to   space 2048K, 0% used [0x00000000ebd00000,0x00000000ebd00000,0x00000000ebf00000)
 ParOldGen       total 158208K, used 145498K [0x00000000c0000000, 0x00000000c9a80000, 0x00000000eab00000)
  object space 158208K, 91% used [0x00000000c0000000,0x00000000c8e16ad8,0x00000000c9a80000)
 Metaspace       used 74209K, committed 75456K, reserved 1179648K
  class space    used 7979K, committed 8512K, reserved 1048576K
}
Event: 71.376 GC heap before
{Heap before GC invocations=87 (full 5):
 PSYoungGen      total 17920K, used 17455K [0x00000000eab00000, 0x00000000ebf00000, 0x0000000100000000)
  eden space 15360K, 100% used [0x00000000eab00000,0x00000000eba00000,0x00000000eba00000)
  from space 2560K, 81% used [0x00000000eba80000,0x00000000ebc8bf70,0x00000000ebd00000)
  to   space 2048K, 0% used [0x00000000ebd00000,0x00000000ebd00000,0x00000000ebf00000)
 ParOldGen       total 158208K, used 145498K [0x00000000c0000000, 0x00000000c9a80000, 0x00000000eab00000)
  object space 158208K, 91% used [0x00000000c0000000,0x00000000c8e16ad8,0x00000000c9a80000)
 Metaspace       used 74510K, committed 75712K, reserved 1179648K
  class space    used 7985K, committed 8512K, reserved 1048576K
}
Event: 71.377 GC heap after
{Heap after GC invocations=87 (full 5):
 PSYoungGen      total 17408K, used 1675K [0x00000000eab00000, 0x00000000ebf00000, 0x0000000100000000)
  eden space 15360K, 0% used [0x00000000eab00000,0x00000000eab00000,0x00000000eba00000)
  from space 2048K, 81% used [0x00000000ebd00000,0x00000000ebea2d60,0x00000000ebf00000)
  to   space 2048K, 0% used [0x00000000ebb00000,0x00000000ebb00000,0x00000000ebd00000)
 ParOldGen       total 158208K, used 145506K [0x00000000c0000000, 0x00000000c9a80000, 0x00000000eab00000)
  object space 158208K, 91% used [0x00000000c0000000,0x00000000c8e18ad8,0x00000000c9a80000)
 Metaspace       used 74510K, committed 75712K, reserved 1179648K
  class space    used 7985K, committed 8512K, reserved 1048576K
}
Event: 81.868 GC heap before
{Heap before GC invocations=88 (full 5):
 PSYoungGen      total 17408K, used 17035K [0x00000000eab00000, 0x00000000ebf00000, 0x0000000100000000)
  eden space 15360K, 100% used [0x00000000eab00000,0x00000000eba00000,0x00000000eba00000)
  from space 2048K, 81% used [0x00000000ebd00000,0x00000000ebea2d60,0x00000000ebf00000)
  to   space 2048K, 0% used [0x00000000ebb00000,0x00000000ebb00000,0x00000000ebd00000)
 ParOldGen       total 158208K, used 145506K [0x00000000c0000000, 0x00000000c9a80000, 0x00000000eab00000)
  object space 158208K, 91% used [0x00000000c0000000,0x00000000c8e18ad8,0x00000000c9a80000)
 Metaspace       used 75162K, committed 76416K, reserved 1179648K
  class space    used 8058K, committed 8576K, reserved 1048576K
}
Event: 81.869 GC heap after
{Heap after GC invocations=88 (full 5):
 PSYoungGen      total 17408K, used 1989K [0x00000000eab00000, 0x00000000ebf00000, 0x0000000100000000)
  eden space 15360K, 0% used [0x00000000eab00000,0x00000000eab00000,0x00000000eba00000)
  from space 2048K, 97% used [0x00000000ebb00000,0x00000000ebcf16d8,0x00000000ebd00000)
  to   space 2048K, 0% used [0x00000000ebd00000,0x00000000ebd00000,0x00000000ebf00000)
 ParOldGen       total 158208K, used 145514K [0x00000000c0000000, 0x00000000c9a80000, 0x00000000eab00000)
  object space 158208K, 91% used [0x00000000c0000000,0x00000000c8e1aad8,0x00000000c9a80000)
 Metaspace       used 75162K, committed 76416K, reserved 1179648K
  class space    used 8058K, committed 8576K, reserved 1048576K
}
Event: 85.403 GC heap before
{Heap before GC invocations=89 (full 5):
 PSYoungGen      total 17408K, used 17349K [0x00000000eab00000, 0x00000000ebf00000, 0x0000000100000000)
  eden space 15360K, 100% used [0x00000000eab00000,0x00000000eba00000,0x00000000eba00000)
  from space 2048K, 97% used [0x00000000ebb00000,0x00000000ebcf16d8,0x00000000ebd00000)
  to   space 2048K, 0% used [0x00000000ebd00000,0x00000000ebd00000,0x00000000ebf00000)
 ParOldGen       total 158208K, used 145514K [0x00000000c0000000, 0x00000000c9a80000, 0x00000000eab00000)
  object space 158208K, 91% used [0x00000000c0000000,0x00000000c8e1aad8,0x00000000c9a80000)
 Metaspace       used 75428K, committed 76672K, reserved 1179648K
  class space    used 8092K, committed 8640K, reserved 1048576K
}
Event: 85.405 GC heap after
{Heap after GC invocations=89 (full 5):
 PSYoungGen      total 17408K, used 1749K [0x00000000eab00000, 0x00000000ebf00000, 0x0000000100000000)
  eden space 15360K, 0% used [0x00000000eab00000,0x00000000eab00000,0x00000000eba00000)
  from space 2048K, 85% used [0x00000000ebd00000,0x00000000ebeb5670,0x00000000ebf00000)
  to   space 2048K, 0% used [0x00000000ebb00000,0x00000000ebb00000,0x00000000ebd00000)
 ParOldGen       total 158208K, used 145514K [0x00000000c0000000, 0x00000000c9a80000, 0x00000000eab00000)
  object space 158208K, 91% used [0x00000000c0000000,0x00000000c8e1aad8,0x00000000c9a80000)
 Metaspace       used 75428K, committed 76672K, reserved 1179648K
  class space    used 8092K, committed 8640K, reserved 1048576K
}

