# JRE version: OpenJDK Runtime Environment Temurin-17.0.7+7 (17.0.7+7) (build 17.0.7+7)
# Java VM: OpenJDK 64-Bit Server VM Temurin-17.0.7+7 (17.0.7+7, mixed mode, tiered, compressed oops, compressed class ptrs, g1 gc, windows-amd64)
GC Precious Log:
 CPUs: 8 total, 8 available
 Memory: 16107M
 Large Page Support: Disabled
 NUMA Support: Disabled
 Compressed Oops: Enabled (Zero based)
 Heap Region Size: 2M
 Heap Min Capacity: 8M
 Heap Initial Capacity: 252M
 Heap Max Capacity: 4028M
 Pre-touch: Disabled
 Parallel Workers: 8
 Concurrent Workers: 2
 Concurrent Refinement Workers: 8
 Periodic GC: Disabled
Heap:
 garbage-first heap   total 90112K, used 30947K [0x0000000704400000, 0x0000000800000000)
  region size 2048K, 8 young (16384K), 3 survivors (6144K)
 Metaspace       used 61109K, committed 61568K, reserved 1114112K
  class space    used 8166K, committed 8384K, reserved 1048576K
GC Heap History (20 events):
Event: 2.917 GC heap before
{Heap before GC invocations=4 (full 0):
 garbage-first heap   total 40960K, used 27013K [0x0000000704400000, 0x0000000800000000)
  region size 2048K, 12 young (24576K), 2 survivors (4096K)
 Metaspace       used 24212K, committed 24512K, reserved 1114112K
  class space    used 2823K, committed 2944K, reserved 1048576K
}
Event: 2.922 GC heap after
{Heap after GC invocations=5 (full 0):
 garbage-first heap   total 40960K, used 10391K [0x0000000704400000, 0x0000000800000000)
  region size 2048K, 2 young (4096K), 2 survivors (4096K)
 Metaspace       used 24212K, committed 24512K, reserved 1114112K
  class space    used 2823K, committed 2944K, reserved 1048576K
}
Event: 2.963 GC heap before
{Heap before GC invocations=5 (full 0):
 garbage-first heap   total 40960K, used 12439K [0x0000000704400000, 0x0000000800000000)
  region size 2048K, 3 young (6144K), 2 survivors (4096K)
 Metaspace       used 24474K, committed 24768K, reserved 1114112K
  class space    used 2854K, committed 3008K, reserved 1048576K
}
Event: 2.966 GC heap after
{Heap after GC invocations=6 (full 0):
 garbage-first heap   total 40960K, used 11079K [0x0000000704400000, 0x0000000800000000)
  region size 2048K, 1 young (2048K), 1 survivors (2048K)
 Metaspace       used 24474K, committed 24768K, reserved 1114112K
  class space    used 2854K, committed 3008K, reserved 1048576K
}
Event: 3.260 GC heap before
{Heap before GC invocations=6 (full 0):
 garbage-first heap   total 40960K, used 25415K [0x0000000704400000, 0x0000000800000000)
  region size 2048K, 8 young (16384K), 1 survivors (2048K)
 Metaspace       used 26080K, committed 26368K, reserved 1114112K
  class space    used 3052K, committed 3200K, reserved 1048576K
}
Event: 3.262 GC heap after
{Heap after GC invocations=7 (full 0):
 garbage-first heap   total 40960K, used 11816K [0x0000000704400000, 0x0000000800000000)
  region size 2048K, 1 young (2048K), 1 survivors (2048K)
 Metaspace       used 26080K, committed 26368K, reserved 1114112K
  class space    used 3052K, committed 3200K, reserved 1048576K
}
Event: 3.648 GC heap before
{Heap before GC invocations=7 (full 0):
 garbage-first heap   total 40960K, used 26152K [0x0000000704400000, 0x0000000800000000)
  region size 2048K, 8 young (16384K), 1 survivors (2048K)
 Metaspace       used 28250K, committed 28544K, reserved 1114112K
  class space    used 3376K, committed 3520K, reserved 1048576K
}
Event: 3.650 GC heap after
{Heap after GC invocations=8 (full 0):
 garbage-first heap   total 40960K, used 12901K [0x0000000704400000, 0x0000000800000000)
  region size 2048K, 1 young (2048K), 1 survivors (2048K)
 Metaspace       used 28250K, committed 28544K, reserved 1114112K
  class space    used 3376K, committed 3520K, reserved 1048576K
}
Event: 4.176 GC heap before
{Heap before GC invocations=8 (full 0):
 garbage-first heap   total 40960K, used 29285K [0x0000000704400000, 0x0000000800000000)
  region size 2048K, 9 young (18432K), 1 survivors (2048K)
 Metaspace       used 31214K, committed 31616K, reserved 1114112K
  class space    used 3833K, committed 4032K, reserved 1048576K
}
Event: 4.179 GC heap after
{Heap after GC invocations=9 (full 0):
 garbage-first heap   total 40960K, used 14703K [0x0000000704400000, 0x0000000800000000)
  region size 2048K, 2 young (4096K), 2 survivors (4096K)
 Metaspace       used 31214K, committed 31616K, reserved 1114112K
  class space    used 3833K, committed 4032K, reserved 1048576K
}
Event: 4.532 GC heap before
{Heap before GC invocations=9 (full 0):
 garbage-first heap   total 40960K, used 29039K [0x0000000704400000, 0x0000000800000000)
  region size 2048K, 9 young (18432K), 2 survivors (4096K)
 Metaspace       used 34284K, committed 34752K, reserved 1114112K
  class space    used 4196K, committed 4416K, reserved 1048576K
}
Event: 4.536 GC heap after
{Heap after GC invocations=10 (full 0):
 garbage-first heap   total 40960K, used 16314K [0x0000000704400000, 0x0000000800000000)
  region size 2048K, 2 young (4096K), 2 survivors (4096K)
 Metaspace       used 34284K, committed 34752K, reserved 1114112K
  class space    used 4196K, committed 4416K, reserved 1048576K
}
Event: 4.736 GC heap before
{Heap before GC invocations=10 (full 0):
 garbage-first heap   total 40960K, used 24506K [0x0000000704400000, 0x0000000800000000)
  region size 2048K, 8 young (16384K), 2 survivors (4096K)
 Metaspace       used 35637K, committed 36096K, reserved 1114112K
  class space    used 4369K, committed 4608K, reserved 1048576K
}
Event: 4.740 GC heap after
{Heap after GC invocations=11 (full 0):
 garbage-first heap   total 40960K, used 17399K [0x0000000704400000, 0x0000000800000000)
  region size 2048K, 1 young (2048K), 1 survivors (2048K)
 Metaspace       used 35637K, committed 36096K, reserved 1114112K
  class space    used 4369K, committed 4608K, reserved 1048576K
}
Event: 4.987 GC heap before
{Heap before GC invocations=12 (full 0):
 garbage-first heap   total 40960K, used 29687K [0x0000000704400000, 0x0000000800000000)
  region size 2048K, 7 young (14336K), 1 survivors (2048K)
 Metaspace       used 38683K, committed 39104K, reserved 1114112K
  class space    used 4793K, committed 4992K, reserved 1048576K
}
Event: 5.000 GC heap after
{Heap after GC invocations=13 (full 0):
 garbage-first heap   total 40960K, used 17764K [0x0000000704400000, 0x0000000800000000)
  region size 2048K, 1 young (2048K), 1 survivors (2048K)
 Metaspace       used 38683K, committed 39104K, reserved 1114112K
  class space    used 4793K, committed 4992K, reserved 1048576K
}
Event: 5.405 GC heap before
{Heap before GC invocations=13 (full 0):
 garbage-first heap   total 40960K, used 32100K [0x0000000704400000, 0x0000000800000000)
  region size 2048K, 8 young (16384K), 1 survivors (2048K)
 Metaspace       used 42517K, committed 43008K, reserved 1114112K
  class space    used 5411K, committed 5632K, reserved 1048576K
}
Event: 5.408 GC heap after
{Heap after GC invocations=14 (full 0):
 garbage-first heap   total 149504K, used 18537K [0x0000000704400000, 0x0000000800000000)
  region size 2048K, 1 young (2048K), 1 survivors (2048K)
 Metaspace       used 42517K, committed 43008K, reserved 1114112K
  class space    used 5411K, committed 5632K, reserved 1048576K
}
Event: 7.107 GC heap before
{Heap before GC invocations=14 (full 0):
 garbage-first heap   total 149504K, used 90217K [0x0000000704400000, 0x0000000800000000)
  region size 2048K, 37 young (75776K), 1 survivors (2048K)
 Metaspace       used 59804K, committed 60288K, reserved 1114112K
  class space    used 7926K, committed 8192K, reserved 1048576K
}
Event: 7.112 GC heap after
{Heap after GC invocations=15 (full 0):
 garbage-first heap   total 149504K, used 22755K [0x0000000704400000, 0x0000000800000000)
  region size 2048K, 3 young (6144K), 3 survivors (6144K)
 Metaspace       used 59804K, committed 60288K, reserved 1114112K
  class space    used 7926K, committed 8192K, reserved 1048576K
}

