# JRE version: OpenJDK Runtime Environment Temurin-17.0.7+7 (17.0.7+7) (build 17.0.7+7)
# Java VM: OpenJDK 64-Bit Server VM Temurin-17.0.7+7 (17.0.7+7, mixed mode, tiered, compressed oops, compressed class ptrs, parallel gc, windows-amd64)
GC Precious Log:
 CPUs: 8 total, 8 available
 Memory: 16107M
 Large Page Support: Disabled
 NUMA Support: Disabled
 Compressed Oops: Enabled (32-bit)
 Alignments: Space 512K, Generation 512K, Heap 2M
 Heap Min Capacity: 100M
 Heap Initial Capacity: 100M
 Heap Max Capacity: 1G
 Pre-touch: Disabled
 Parallel Workers: 8
Heap:
 PSYoungGen      total 4608K, used 1629K [0x00000000eab00000, 0x00000000eb200000, 0x0000000100000000)
  eden space 4096K, 27% used [0x00000000eab00000,0x00000000eac176f8,0x00000000eaf00000)
  from space 512K, 100% used [0x00000000eb100000,0x00000000eb180000,0x00000000eb180000)
  to   space 1536K, 0% used [0x00000000eaf00000,0x00000000eaf00000,0x00000000eb080000)
 ParOldGen       total 189952K, used 155108K [0x00000000c0000000, 0x00000000cb980000, 0x00000000eab00000)
  object space 189952K, 81% used [0x00000000c0000000,0x00000000c97792c0,0x00000000cb980000)
 Metaspace       used 96415K, committed 97728K, reserved 1179648K
  class space    used 9787K, committed 10368K, reserved 1048576K
GC Heap History (20 events):
Event: 7527.571 GC heap before
{Heap before GC invocations=4853 (full 110):
 PSYoungGen      total 5632K, used 5207K [0x00000000eab00000, 0x00000000eb300000, 0x0000000100000000)
  eden space 4096K, 98% used [0x00000000eab00000,0x00000000eaeedcf0,0x00000000eaf00000)
  from space 1536K, 77% used [0x00000000eaf00000,0x00000000eb028000,0x00000000eb080000)
  to   space 1536K, 0% used [0x00000000eb180000,0x00000000eb180000,0x00000000eb300000)
 ParOldGen       total 189440K, used 183429K [0x00000000c0000000, 0x00000000cb900000, 0x00000000eab00000)
  object space 189440K, 96% used [0x00000000c0000000,0x00000000cb321588,0x00000000cb900000)
 Metaspace       used 96410K, committed 97728K, reserved 1179648K
  class space    used 9786K, committed 10368K, reserved 1048576K
}
Event: 7527.574 GC heap after
{Heap after GC invocations=4853 (full 110):
 PSYoungGen      total 3584K, used 1508K [0x00000000eab00000, 0x00000000eb900000, 0x0000000100000000)
  eden space 2048K, 0% used [0x00000000eab00000,0x00000000eab00000,0x00000000ead00000)
  from space 1536K, 98% used [0x00000000eb180000,0x00000000eb2f9000,0x00000000eb300000)
  to   space 4608K, 0% used [0x00000000ead00000,0x00000000ead00000,0x00000000eb180000)
 ParOldGen       total 189440K, used 185841K [0x00000000c0000000, 0x00000000cb900000, 0x00000000eab00000)
  object space 189440K, 98% used [0x00000000c0000000,0x00000000cb57c598,0x00000000cb900000)
 Metaspace       used 96410K, committed 97728K, reserved 1179648K
  class space    used 9786K, committed 10368K, reserved 1048576K
}
Event: 7527.579 GC heap before
{Heap before GC invocations=4854 (full 110):
 PSYoungGen      total 3584K, used 3556K [0x00000000eab00000, 0x00000000eb900000, 0x0000000100000000)
  eden space 2048K, 100% used [0x00000000eab00000,0x00000000ead00000,0x00000000ead00000)
  from space 1536K, 98% used [0x00000000eb180000,0x00000000eb2f9000,0x00000000eb300000)
  to   space 4608K, 0% used [0x00000000ead00000,0x00000000ead00000,0x00000000eb180000)
 ParOldGen       total 189440K, used 185841K [0x00000000c0000000, 0x00000000cb900000, 0x00000000eab00000)
  object space 189440K, 98% used [0x00000000c0000000,0x00000000cb57c598,0x00000000cb900000)
 Metaspace       used 96410K, committed 97728K, reserved 1179648K
  class space    used 9786K, committed 10368K, reserved 1048576K
}
Event: 7527.581 GC heap after
{Heap after GC invocations=4854 (full 110):
 PSYoungGen      total 3072K, used 538K [0x00000000eab00000, 0x00000000eb200000, 0x0000000100000000)
  eden space 2048K, 0% used [0x00000000eab00000,0x00000000eab00000,0x00000000ead00000)
  from space 1024K, 52% used [0x00000000ead00000,0x00000000ead86960,0x00000000eae00000)
  to   space 2048K, 0% used [0x00000000eb000000,0x00000000eb000000,0x00000000eb200000)
 ParOldGen       total 189440K, used 186961K [0x00000000c0000000, 0x00000000cb900000, 0x00000000eab00000)
  object space 189440K, 98% used [0x00000000c0000000,0x00000000cb694598,0x00000000cb900000)
 Metaspace       used 96410K, committed 97728K, reserved 1179648K
  class space    used 9786K, committed 10368K, reserved 1048576K
}
Event: 7527.583 GC heap before
{Heap before GC invocations=4855 (full 110):
 PSYoungGen      total 3072K, used 2586K [0x00000000eab00000, 0x00000000eb200000, 0x0000000100000000)
  eden space 2048K, 100% used [0x00000000eab00000,0x00000000ead00000,0x00000000ead00000)
  from space 1024K, 52% used [0x00000000ead00000,0x00000000ead86960,0x00000000eae00000)
  to   space 2048K, 0% used [0x00000000eb000000,0x00000000eb000000,0x00000000eb200000)
 ParOldGen       total 189440K, used 186961K [0x00000000c0000000, 0x00000000cb900000, 0x00000000eab00000)
  object space 189440K, 98% used [0x00000000c0000000,0x00000000cb694598,0x00000000cb900000)
 Metaspace       used 96410K, committed 97728K, reserved 1179648K
  class space    used 9786K, committed 10368K, reserved 1048576K
}
Event: 7527.584 GC heap after
{Heap after GC invocations=4855 (full 110):
 PSYoungGen      total 3072K, used 192K [0x00000000eab00000, 0x00000000eb080000, 0x0000000100000000)
  eden space 2560K, 0% used [0x00000000eab00000,0x00000000eab00000,0x00000000ead80000)
  from space 512K, 37% used [0x00000000eb000000,0x00000000eb030000,0x00000000eb080000)
  to   space 1024K, 0% used [0x00000000eae80000,0x00000000eae80000,0x00000000eaf80000)
 ParOldGen       total 189440K, used 187451K [0x00000000c0000000, 0x00000000cb900000, 0x00000000eab00000)
  object space 189440K, 98% used [0x00000000c0000000,0x00000000cb70eef8,0x00000000cb900000)
 Metaspace       used 96410K, committed 97728K, reserved 1179648K
  class space    used 9786K, committed 10368K, reserved 1048576K
}
Event: 7527.588 GC heap before
{Heap before GC invocations=4856 (full 110):
 PSYoungGen      total 3072K, used 2752K [0x00000000eab00000, 0x00000000eb080000, 0x0000000100000000)
  eden space 2560K, 100% used [0x00000000eab00000,0x00000000ead80000,0x00000000ead80000)
  from space 512K, 37% used [0x00000000eb000000,0x00000000eb030000,0x00000000eb080000)
  to   space 1024K, 0% used [0x00000000eae80000,0x00000000eae80000,0x00000000eaf80000)
 ParOldGen       total 189440K, used 187451K [0x00000000c0000000, 0x00000000cb900000, 0x00000000eab00000)
  object space 189440K, 98% used [0x00000000c0000000,0x00000000cb70eef8,0x00000000cb900000)
 Metaspace       used 96410K, committed 97728K, reserved 1179648K
  class space    used 9786K, committed 10368K, reserved 1048576K
}
Event: 7527.588 GC heap after
{Heap after GC invocations=4856 (full 110):
 PSYoungGen      total 4096K, used 288K [0x00000000eab00000, 0x00000000eb080000, 0x0000000100000000)
  eden space 3072K, 0% used [0x00000000eab00000,0x00000000eab00000,0x00000000eae00000)
  from space 1024K, 28% used [0x00000000eae80000,0x00000000eaec8000,0x00000000eaf80000)
  to   space 512K, 0% used [0x00000000eb000000,0x00000000eb000000,0x00000000eb080000)
 ParOldGen       total 189440K, used 187507K [0x00000000c0000000, 0x00000000cb900000, 0x00000000eab00000)
  object space 189440K, 98% used [0x00000000c0000000,0x00000000cb71cef8,0x00000000cb900000)
 Metaspace       used 96410K, committed 97728K, reserved 1179648K
  class space    used 9786K, committed 10368K, reserved 1048576K
}
Event: 7527.595 GC heap before
{Heap before GC invocations=4857 (full 110):
 PSYoungGen      total 4096K, used 3360K [0x00000000eab00000, 0x00000000eb080000, 0x0000000100000000)
  eden space 3072K, 100% used [0x00000000eab00000,0x00000000eae00000,0x00000000eae00000)
  from space 1024K, 28% used [0x00000000eae80000,0x00000000eaec8000,0x00000000eaf80000)
  to   space 512K, 0% used [0x00000000eb000000,0x00000000eb000000,0x00000000eb080000)
 ParOldGen       total 189440K, used 187507K [0x00000000c0000000, 0x00000000cb900000, 0x00000000eab00000)
  object space 189440K, 98% used [0x00000000c0000000,0x00000000cb71cef8,0x00000000cb900000)
 Metaspace       used 96410K, committed 97728K, reserved 1179648K
  class space    used 9786K, committed 10368K, reserved 1048576K
}
Event: 7527.596 GC heap after
{Heap after GC invocations=4857 (full 110):
 PSYoungGen      total 4608K, used 512K [0x00000000eab00000, 0x00000000eb100000, 0x0000000100000000)
  eden space 4096K, 0% used [0x00000000eab00000,0x00000000eab00000,0x00000000eaf00000)
  from space 512K, 100% used [0x00000000eb000000,0x00000000eb080000,0x00000000eb080000)
  to   space 1024K, 0% used [0x00000000eaf00000,0x00000000eaf00000,0x00000000eb000000)
 ParOldGen       total 189440K, used 187760K [0x00000000c0000000, 0x00000000cb900000, 0x00000000eab00000)
  object space 189440K, 99% used [0x00000000c0000000,0x00000000cb75c308,0x00000000cb900000)
 Metaspace       used 96410K, committed 97728K, reserved 1179648K
  class space    used 9786K, committed 10368K, reserved 1048576K
}
Event: 7527.603 GC heap before
{Heap before GC invocations=4858 (full 110):
 PSYoungGen      total 4608K, used 4603K [0x00000000eab00000, 0x00000000eb100000, 0x0000000100000000)
  eden space 4096K, 99% used [0x00000000eab00000,0x00000000eaefefd8,0x00000000eaf00000)
  from space 512K, 100% used [0x00000000eb000000,0x00000000eb080000,0x00000000eb080000)
  to   space 1024K, 0% used [0x00000000eaf00000,0x00000000eaf00000,0x00000000eb000000)
 ParOldGen       total 189440K, used 187760K [0x00000000c0000000, 0x00000000cb900000, 0x00000000eab00000)
  object space 189440K, 99% used [0x00000000c0000000,0x00000000cb75c308,0x00000000cb900000)
 Metaspace       used 96410K, committed 97728K, reserved 1179648K
  class space    used 9786K, committed 10368K, reserved 1048576K
}
Event: 7527.604 GC heap after
{Heap after GC invocations=4858 (full 110):
 PSYoungGen      total 5120K, used 1024K [0x00000000eab00000, 0x00000000eb300000, 0x0000000100000000)
  eden space 4096K, 0% used [0x00000000eab00000,0x00000000eab00000,0x00000000eaf00000)
  from space 1024K, 100% used [0x00000000eaf00000,0x00000000eb000000,0x00000000eb000000)
  to   space 2048K, 0% used [0x00000000eb100000,0x00000000eb100000,0x00000000eb300000)
 ParOldGen       total 189440K, used 188280K [0x00000000c0000000, 0x00000000cb900000, 0x00000000eab00000)
  object space 189440K, 99% used [0x00000000c0000000,0x00000000cb7de308,0x00000000cb900000)
 Metaspace       used 96410K, committed 97728K, reserved 1179648K
  class space    used 9786K, committed 10368K, reserved 1048576K
}
Event: 7527.611 GC heap before
{Heap before GC invocations=4859 (full 110):
 PSYoungGen      total 5120K, used 5120K [0x00000000eab00000, 0x00000000eb300000, 0x0000000100000000)
  eden space 4096K, 100% used [0x00000000eab00000,0x00000000eaf00000,0x00000000eaf00000)
  from space 1024K, 100% used [0x00000000eaf00000,0x00000000eb000000,0x00000000eb000000)
  to   space 2048K, 0% used [0x00000000eb100000,0x00000000eb100000,0x00000000eb300000)
 ParOldGen       total 189440K, used 188280K [0x00000000c0000000, 0x00000000cb900000, 0x00000000eab00000)
  object space 189440K, 99% used [0x00000000c0000000,0x00000000cb7de308,0x00000000cb900000)
 Metaspace       used 96410K, committed 97728K, reserved 1179648K
  class space    used 9786K, committed 10368K, reserved 1048576K
}
Event: 7527.612 GC heap after
{Heap after GC invocations=4859 (full 110):
 PSYoungGen      total 5120K, used 762K [0x00000000eab00000, 0x00000000eb200000, 0x0000000100000000)
  eden space 4096K, 0% used [0x00000000eab00000,0x00000000eab00000,0x00000000eaf00000)
  from space 1024K, 74% used [0x00000000eb100000,0x00000000eb1be900,0x00000000eb200000)
  to   space 1536K, 0% used [0x00000000eaf00000,0x00000000eaf00000,0x00000000eb080000)
 ParOldGen       total 189440K, used 189210K [0x00000000c0000000, 0x00000000cb900000, 0x00000000eab00000)
  object space 189440K, 99% used [0x00000000c0000000,0x00000000cb8c6818,0x00000000cb900000)
 Metaspace       used 96410K, committed 97728K, reserved 1179648K
  class space    used 9786K, committed 10368K, reserved 1048576K
}
Event: 7527.612 GC heap before
{Heap before GC invocations=4860 (full 111):
 PSYoungGen      total 5120K, used 762K [0x00000000eab00000, 0x00000000eb200000, 0x0000000100000000)
  eden space 4096K, 0% used [0x00000000eab00000,0x00000000eab00000,0x00000000eaf00000)
  from space 1024K, 74% used [0x00000000eb100000,0x00000000eb1be900,0x00000000eb200000)
  to   space 1536K, 0% used [0x00000000eaf00000,0x00000000eaf00000,0x00000000eb080000)
 ParOldGen       total 189440K, used 189210K [0x00000000c0000000, 0x00000000cb900000, 0x00000000eab00000)
  object space 189440K, 99% used [0x00000000c0000000,0x00000000cb8c6818,0x00000000cb900000)
 Metaspace       used 96410K, committed 97728K, reserved 1179648K
  class space    used 9786K, committed 10368K, reserved 1048576K
}
Event: 7527.723 GC heap after
{Heap after GC invocations=4860 (full 111):
 PSYoungGen      total 5632K, used 0K [0x00000000eab00000, 0x00000000eb300000, 0x0000000100000000)
  eden space 4096K, 0% used [0x00000000eab00000,0x00000000eab00000,0x00000000eaf00000)
  from space 1536K, 0% used [0x00000000eaf00000,0x00000000eaf00000,0x00000000eb080000)
  to   space 1536K, 0% used [0x00000000eb180000,0x00000000eb180000,0x00000000eb300000)
 ParOldGen       total 189952K, used 152759K [0x00000000c0000000, 0x00000000cb980000, 0x00000000eab00000)
  object space 189952K, 80% used [0x00000000c0000000,0x00000000c952dcb0,0x00000000cb980000)
 Metaspace       used 96386K, committed 97728K, reserved 1179648K
  class space    used 9780K, committed 10368K, reserved 1048576K
}
Event: 7527.735 GC heap before
{Heap before GC invocations=4861 (full 111):
 PSYoungGen      total 5632K, used 4096K [0x00000000eab00000, 0x00000000eb300000, 0x0000000100000000)
  eden space 4096K, 100% used [0x00000000eab00000,0x00000000eaf00000,0x00000000eaf00000)
  from space 1536K, 0% used [0x00000000eaf00000,0x00000000eaf00000,0x00000000eb080000)
  to   space 1536K, 0% used [0x00000000eb180000,0x00000000eb180000,0x00000000eb300000)
 ParOldGen       total 189952K, used 152759K [0x00000000c0000000, 0x00000000cb980000, 0x00000000eab00000)
  object space 189952K, 80% used [0x00000000c0000000,0x00000000c952dcb0,0x00000000cb980000)
 Metaspace       used 96386K, committed 97728K, reserved 1179648K
  class space    used 9780K, committed 10368K, reserved 1048576K
}
Event: 7527.735 GC heap after
{Heap after GC invocations=4861 (full 111):
 PSYoungGen      total 5632K, used 1184K [0x00000000eab00000, 0x00000000eb300000, 0x0000000100000000)
  eden space 4096K, 0% used [0x00000000eab00000,0x00000000eab00000,0x00000000eaf00000)
  from space 1536K, 77% used [0x00000000eb180000,0x00000000eb2a8000,0x00000000eb300000)
  to   space 1536K, 0% used [0x00000000eaf00000,0x00000000eaf00000,0x00000000eb080000)
 ParOldGen       total 189952K, used 152759K [0x00000000c0000000, 0x00000000cb980000, 0x00000000eab00000)
  object space 189952K, 80% used [0x00000000c0000000,0x00000000c952dcb0,0x00000000cb980000)
 Metaspace       used 96386K, committed 97728K, reserved 1179648K
  class space    used 9780K, committed 10368K, reserved 1048576K
}
Event: 7527.821 GC heap before
{Heap before GC invocations=4862 (full 111):
 PSYoungGen      total 5632K, used 5280K [0x00000000eab00000, 0x00000000eb300000, 0x0000000100000000)
  eden space 4096K, 100% used [0x00000000eab00000,0x00000000eaf00000,0x00000000eaf00000)
  from space 1536K, 77% used [0x00000000eb180000,0x00000000eb2a8000,0x00000000eb300000)
  to   space 1536K, 0% used [0x00000000eaf00000,0x00000000eaf00000,0x00000000eb080000)
 ParOldGen       total 189952K, used 152759K [0x00000000c0000000, 0x00000000cb980000, 0x00000000eab00000)
  object space 189952K, 80% used [0x00000000c0000000,0x00000000c952dcb0,0x00000000cb980000)
 Metaspace       used 96386K, committed 97728K, reserved 1179648K
  class space    used 9780K, committed 10368K, reserved 1048576K
}
Event: 7527.822 GC heap after
{Heap after GC invocations=4862 (full 111):
 PSYoungGen      total 5632K, used 288K [0x00000000eab00000, 0x00000000eb200000, 0x0000000100000000)
  eden space 4096K, 0% used [0x00000000eab00000,0x00000000eab00000,0x00000000eaf00000)
  from space 1536K, 18% used [0x00000000eaf00000,0x00000000eaf48000,0x00000000eb080000)
  to   space 1024K, 0% used [0x00000000eb100000,0x00000000eb100000,0x00000000eb200000)
 ParOldGen       total 189952K, used 153868K [0x00000000c0000000, 0x00000000cb980000, 0x00000000eab00000)
  object space 189952K, 81% used [0x00000000c0000000,0x00000000c96430d8,0x00000000cb980000)
 Metaspace       used 96386K, committed 97728K, reserved 1179648K
  class space    used 9780K, committed 10368K, reserved 1048576K
}

