# JRE version: OpenJDK Runtime Environment Temurin-17.0.7+7 (17.0.7+7) (build 17.0.7+7)
# Java VM: OpenJDK 64-Bit Server VM Temurin-17.0.7+7 (17.0.7+7, mixed mode, tiered, compressed oops, compressed class ptrs, parallel gc, windows-amd64)
GC Precious Log:
 CPUs: 8 total, 8 available
 Memory: 16107M
 Large Page Support: Disabled
 NUMA Support: Disabled
 Compressed Oops: Enabled (32-bit)
 Alignments: Space 512K, Generation 512K, Heap 2M
 Heap Min Capacity: 100M
 Heap Initial Capacity: 100M
 Heap Max Capacity: 1G
 Pre-touch: Disabled
 Parallel Workers: 8
Heap:
 PSYoungGen      total 4608K, used 4116K [0x00000000eab00000, 0x00000000eb700000, 0x0000000100000000)
  eden space 3584K, 100% used [0x00000000eab00000,0x00000000eae80000,0x00000000eae80000)
  from space 1024K, 52% used [0x00000000eae80000,0x00000000eaf05200,0x00000000eaf80000)
  to   space 3072K, 57% used [0x00000000eb400000,0x00000000eb5b70c0,0x00000000eb700000)
 ParOldGen       total 648192K, used 621196K [0x00000000c0000000, 0x00000000e7900000, 0x00000000eab00000)
  object space 648192K, 95% used [0x00000000c0000000,0x00000000e5ea3058,0x00000000e7900000)
 Metaspace       used 87439K, committed 88896K, reserved 1179648K
  class space    used 8936K, committed 9600K, reserved 1048576K
GC Heap History (20 events):
Event: 1082.695 GC heap after
{Heap after GC invocations=1347 (full 43):
 PSYoungGen      total 9216K, used 500K [0x00000000eab00000, 0x00000000eb880000, 0x0000000100000000)
  eden space 8704K, 0% used [0x00000000eab00000,0x00000000eab00000,0x00000000eb380000)
  from space 512K, 97% used [0x00000000eb800000,0x00000000eb87d200,0x00000000eb880000)
  to   space 2048K, 0% used [0x00000000eb480000,0x00000000eb480000,0x00000000eb680000)
 ParOldGen       total 153088K, used 118069K [0x00000000c0000000, 0x00000000c9580000, 0x00000000eab00000)
  object space 153088K, 77% used [0x00000000c0000000,0x00000000c734d700,0x00000000c9580000)
 Metaspace       used 87424K, committed 88768K, reserved 1179648K
  class space    used 8936K, committed 9600K, reserved 1048576K
}
Event: 1082.722 GC heap before
{Heap before GC invocations=1348 (full 43):
 PSYoungGen      total 9216K, used 9204K [0x00000000eab00000, 0x00000000eb880000, 0x0000000100000000)
  eden space 8704K, 100% used [0x00000000eab00000,0x00000000eb380000,0x00000000eb380000)
  from space 512K, 97% used [0x00000000eb800000,0x00000000eb87d200,0x00000000eb880000)
  to   space 2048K, 0% used [0x00000000eb480000,0x00000000eb480000,0x00000000eb680000)
 ParOldGen       total 153088K, used 118069K [0x00000000c0000000, 0x00000000c9580000, 0x00000000eab00000)
  object space 153088K, 77% used [0x00000000c0000000,0x00000000c734d700,0x00000000c9580000)
 Metaspace       used 87424K, committed 88768K, reserved 1179648K
  class space    used 8936K, committed 9600K, reserved 1048576K
}
Event: 1082.723 GC heap after
{Heap after GC invocations=1348 (full 43):
 PSYoungGen      total 10752K, used 570K [0x00000000eab00000, 0x00000000eb880000, 0x0000000100000000)
  eden space 8704K, 0% used [0x00000000eab00000,0x00000000eab00000,0x00000000eb380000)
  from space 2048K, 27% used [0x00000000eb480000,0x00000000eb50e900,0x00000000eb680000)
  to   space 1024K, 0% used [0x00000000eb780000,0x00000000eb780000,0x00000000eb880000)
 ParOldGen       total 153088K, used 118537K [0x00000000c0000000, 0x00000000c9580000, 0x00000000eab00000)
  object space 153088K, 77% used [0x00000000c0000000,0x00000000c73c2710,0x00000000c9580000)
 Metaspace       used 87424K, committed 88768K, reserved 1179648K
  class space    used 8936K, committed 9600K, reserved 1048576K
}
Event: 1083.571 GC heap before
{Heap before GC invocations=1349 (full 43):
 PSYoungGen      total 10752K, used 9274K [0x00000000eab00000, 0x00000000eb880000, 0x0000000100000000)
  eden space 8704K, 99% used [0x00000000eab00000,0x00000000eb37ff10,0x00000000eb380000)
  from space 2048K, 27% used [0x00000000eb480000,0x00000000eb50e900,0x00000000eb680000)
  to   space 1024K, 0% used [0x00000000eb780000,0x00000000eb780000,0x00000000eb880000)
 ParOldGen       total 153088K, used 118537K [0x00000000c0000000, 0x00000000c9580000, 0x00000000eab00000)
  object space 153088K, 77% used [0x00000000c0000000,0x00000000c73c2710,0x00000000c9580000)
 Metaspace       used 87430K, committed 88832K, reserved 1179648K
  class space    used 8936K, committed 9600K, reserved 1048576K
}
Event: 1083.571 GC heap after
{Heap after GC invocations=1349 (full 43):
 PSYoungGen      total 9728K, used 576K [0x00000000eab00000, 0x00000000eb880000, 0x0000000100000000)
  eden space 8704K, 0% used [0x00000000eab00000,0x00000000eab00000,0x00000000eb380000)
  from space 1024K, 56% used [0x00000000eb780000,0x00000000eb810000,0x00000000eb880000)
  to   space 1024K, 0% used [0x00000000eb680000,0x00000000eb680000,0x00000000eb780000)
 ParOldGen       total 153088K, used 119030K [0x00000000c0000000, 0x00000000c9580000, 0x00000000eab00000)
  object space 153088K, 77% used [0x00000000c0000000,0x00000000c743d930,0x00000000c9580000)
 Metaspace       used 87430K, committed 88832K, reserved 1179648K
  class space    used 8936K, committed 9600K, reserved 1048576K
}
Event: 1083.975 GC heap before
{Heap before GC invocations=1350 (full 43):
 PSYoungGen      total 9728K, used 9280K [0x00000000eab00000, 0x00000000eb880000, 0x0000000100000000)
  eden space 8704K, 100% used [0x00000000eab00000,0x00000000eb380000,0x00000000eb380000)
  from space 1024K, 56% used [0x00000000eb780000,0x00000000eb810000,0x00000000eb880000)
  to   space 1024K, 0% used [0x00000000eb680000,0x00000000eb680000,0x00000000eb780000)
 ParOldGen       total 153088K, used 119030K [0x00000000c0000000, 0x00000000c9580000, 0x00000000eab00000)
  object space 153088K, 77% used [0x00000000c0000000,0x00000000c743d930,0x00000000c9580000)
 Metaspace       used 87437K, committed 88832K, reserved 1179648K
  class space    used 8936K, committed 9600K, reserved 1048576K
}
Event: 1083.976 GC heap after
{Heap after GC invocations=1350 (full 43):
 PSYoungGen      total 9728K, used 288K [0x00000000eab00000, 0x00000000eb800000, 0x0000000100000000)
  eden space 8704K, 0% used [0x00000000eab00000,0x00000000eab00000,0x00000000eb380000)
  from space 1024K, 28% used [0x00000000eb680000,0x00000000eb6c8000,0x00000000eb780000)
  to   space 512K, 0% used [0x00000000eb780000,0x00000000eb780000,0x00000000eb800000)
 ParOldGen       total 153088K, used 119444K [0x00000000c0000000, 0x00000000c9580000, 0x00000000eab00000)
  object space 153088K, 78% used [0x00000000c0000000,0x00000000c74a5250,0x00000000c9580000)
 Metaspace       used 87437K, committed 88832K, reserved 1179648K
  class space    used 8936K, committed 9600K, reserved 1048576K
}
Event: 1084.599 GC heap before
{Heap before GC invocations=1351 (full 43):
 PSYoungGen      total 9728K, used 8992K [0x00000000eab00000, 0x00000000eb800000, 0x0000000100000000)
  eden space 8704K, 100% used [0x00000000eab00000,0x00000000eb380000,0x00000000eb380000)
  from space 1024K, 28% used [0x00000000eb680000,0x00000000eb6c8000,0x00000000eb780000)
  to   space 512K, 0% used [0x00000000eb780000,0x00000000eb780000,0x00000000eb800000)
 ParOldGen       total 153088K, used 119444K [0x00000000c0000000, 0x00000000c9580000, 0x00000000eab00000)
  object space 153088K, 78% used [0x00000000c0000000,0x00000000c74a5250,0x00000000c9580000)
 Metaspace       used 87438K, committed 88896K, reserved 1179648K
  class space    used 8936K, committed 9600K, reserved 1048576K
}
Event: 1084.599 GC heap after
{Heap after GC invocations=1351 (full 43):
 PSYoungGen      total 9216K, used 256K [0x00000000eab00000, 0x00000000eb800000, 0x0000000100000000)
  eden space 8704K, 0% used [0x00000000eab00000,0x00000000eab00000,0x00000000eb380000)
  from space 512K, 50% used [0x00000000eb780000,0x00000000eb7c0000,0x00000000eb800000)
  to   space 512K, 0% used [0x00000000eb700000,0x00000000eb700000,0x00000000eb780000)
 ParOldGen       total 153088K, used 119452K [0x00000000c0000000, 0x00000000c9580000, 0x00000000eab00000)
  object space 153088K, 78% used [0x00000000c0000000,0x00000000c74a7250,0x00000000c9580000)
 Metaspace       used 87438K, committed 88896K, reserved 1179648K
  class space    used 8936K, committed 9600K, reserved 1048576K
}
Event: 1084.783 GC heap before
{Heap before GC invocations=1352 (full 43):
 PSYoungGen      total 9216K, used 8959K [0x00000000eab00000, 0x00000000eb800000, 0x0000000100000000)
  eden space 8704K, 99% used [0x00000000eab00000,0x00000000eb37fff0,0x00000000eb380000)
  from space 512K, 50% used [0x00000000eb780000,0x00000000eb7c0000,0x00000000eb800000)
  to   space 512K, 0% used [0x00000000eb700000,0x00000000eb700000,0x00000000eb780000)
 ParOldGen       total 153088K, used 119452K [0x00000000c0000000, 0x00000000c9580000, 0x00000000eab00000)
  object space 153088K, 78% used [0x00000000c0000000,0x00000000c74a7250,0x00000000c9580000)
 Metaspace       used 87438K, committed 88896K, reserved 1179648K
  class space    used 8936K, committed 9600K, reserved 1048576K
}
Event: 1084.784 GC heap after
{Heap after GC invocations=1352 (full 43):
 PSYoungGen      total 9216K, used 506K [0x00000000eab00000, 0x00000000eb800000, 0x0000000100000000)
  eden space 8704K, 0% used [0x00000000eab00000,0x00000000eab00000,0x00000000eb380000)
  from space 512K, 98% used [0x00000000eb700000,0x00000000eb77e900,0x00000000eb780000)
  to   space 512K, 0% used [0x00000000eb780000,0x00000000eb780000,0x00000000eb800000)
 ParOldGen       total 153088K, used 120118K [0x00000000c0000000, 0x00000000c9580000, 0x00000000eab00000)
  object space 153088K, 78% used [0x00000000c0000000,0x00000000c754db00,0x00000000c9580000)
 Metaspace       used 87438K, committed 88896K, reserved 1179648K
  class space    used 8936K, committed 9600K, reserved 1048576K
}
Event: 1084.812 GC heap before
{Heap before GC invocations=1353 (full 43):
 PSYoungGen      total 9216K, used 9210K [0x00000000eab00000, 0x00000000eb800000, 0x0000000100000000)
  eden space 8704K, 100% used [0x00000000eab00000,0x00000000eb380000,0x00000000eb380000)
  from space 512K, 98% used [0x00000000eb700000,0x00000000eb77e900,0x00000000eb780000)
  to   space 512K, 0% used [0x00000000eb780000,0x00000000eb780000,0x00000000eb800000)
 ParOldGen       total 153088K, used 120118K [0x00000000c0000000, 0x00000000c9580000, 0x00000000eab00000)
  object space 153088K, 78% used [0x00000000c0000000,0x00000000c754db00,0x00000000c9580000)
 Metaspace       used 87438K, committed 88896K, reserved 1179648K
  class space    used 8936K, committed 9600K, reserved 1048576K
}
Event: 1084.813 GC heap after
{Heap after GC invocations=1353 (full 43):
 PSYoungGen      total 9216K, used 506K [0x00000000eab00000, 0x00000000eb800000, 0x0000000100000000)
  eden space 8704K, 0% used [0x00000000eab00000,0x00000000eab00000,0x00000000eb380000)
  from space 512K, 98% used [0x00000000eb780000,0x00000000eb7fe900,0x00000000eb800000)
  to   space 2048K, 0% used [0x00000000eb400000,0x00000000eb400000,0x00000000eb600000)
 ParOldGen       total 153088K, used 121433K [0x00000000c0000000, 0x00000000c9580000, 0x00000000eab00000)
  object space 153088K, 79% used [0x00000000c0000000,0x00000000c7696678,0x00000000c9580000)
 Metaspace       used 87438K, committed 88896K, reserved 1179648K
  class space    used 8936K, committed 9600K, reserved 1048576K
}
Event: 1085.925 GC heap before
{Heap before GC invocations=1354 (full 43):
 PSYoungGen      total 9216K, used 9210K [0x00000000eab00000, 0x00000000eb800000, 0x0000000100000000)
  eden space 8704K, 100% used [0x00000000eab00000,0x00000000eb380000,0x00000000eb380000)
  from space 512K, 98% used [0x00000000eb780000,0x00000000eb7fe900,0x00000000eb800000)
  to   space 2048K, 0% used [0x00000000eb400000,0x00000000eb400000,0x00000000eb600000)
 ParOldGen       total 153088K, used 121433K [0x00000000c0000000, 0x00000000c9580000, 0x00000000eab00000)
  object space 153088K, 79% used [0x00000000c0000000,0x00000000c7696678,0x00000000c9580000)
 Metaspace       used 87439K, committed 88896K, reserved 1179648K
  class space    used 8936K, committed 9600K, reserved 1048576K
}
Event: 1085.926 GC heap after
{Heap after GC invocations=1354 (full 43):
 PSYoungGen      total 10752K, used 2032K [0x00000000eab00000, 0x00000000eb980000, 0x0000000100000000)
  eden space 8704K, 0% used [0x00000000eab00000,0x00000000eab00000,0x00000000eb380000)
  from space 2048K, 99% used [0x00000000eb400000,0x00000000eb5fc2c0,0x00000000eb600000)
  to   space 3072K, 0% used [0x00000000eb680000,0x00000000eb680000,0x00000000eb980000)
 ParOldGen       total 153088K, used 121982K [0x00000000c0000000, 0x00000000c9580000, 0x00000000eab00000)
  object space 153088K, 79% used [0x00000000c0000000,0x00000000c771fb40,0x00000000c9580000)
 Metaspace       used 87439K, committed 88896K, reserved 1179648K
  class space    used 8936K, committed 9600K, reserved 1048576K
}
Event: 1085.937 GC heap before
{Heap before GC invocations=1355 (full 43):
 PSYoungGen      total 10752K, used 10736K [0x00000000eab00000, 0x00000000eb980000, 0x0000000100000000)
  eden space 8704K, 100% used [0x00000000eab00000,0x00000000eb380000,0x00000000eb380000)
  from space 2048K, 99% used [0x00000000eb400000,0x00000000eb5fc2c0,0x00000000eb600000)
  to   space 3072K, 0% used [0x00000000eb680000,0x00000000eb680000,0x00000000eb980000)
 ParOldGen       total 153088K, used 121982K [0x00000000c0000000, 0x00000000c9580000, 0x00000000eab00000)
  object space 153088K, 79% used [0x00000000c0000000,0x00000000c771fb40,0x00000000c9580000)
 Metaspace       used 87439K, committed 88896K, reserved 1179648K
  class space    used 8936K, committed 9600K, reserved 1048576K
}
Event: 1085.939 GC heap after
{Heap after GC invocations=1355 (full 43):
 PSYoungGen      total 6656K, used 3066K [0x00000000eab00000, 0x00000000ec380000, 0x0000000100000000)
  eden space 3584K, 0% used [0x00000000eab00000,0x00000000eab00000,0x00000000eae80000)
  from space 3072K, 99% used [0x00000000eb680000,0x00000000eb97e8c0,0x00000000eb980000)
  to   space 8192K, 0% used [0x00000000eae80000,0x00000000eae80000,0x00000000eb680000)
 ParOldGen       total 153088K, used 125855K [0x00000000c0000000, 0x00000000c9580000, 0x00000000eab00000)
  object space 153088K, 82% used [0x00000000c0000000,0x00000000c7ae7fb0,0x00000000c9580000)
 Metaspace       used 87439K, committed 88896K, reserved 1179648K
  class space    used 8936K, committed 9600K, reserved 1048576K
}
Event: 1085.946 GC heap before
{Heap before GC invocations=1356 (full 43):
 PSYoungGen      total 6656K, used 6650K [0x00000000eab00000, 0x00000000ec380000, 0x0000000100000000)
  eden space 3584K, 100% used [0x00000000eab00000,0x00000000eae80000,0x00000000eae80000)
  from space 3072K, 99% used [0x00000000eb680000,0x00000000eb97e8c0,0x00000000eb980000)
  to   space 8192K, 0% used [0x00000000eae80000,0x00000000eae80000,0x00000000eb680000)
 ParOldGen       total 153088K, used 125855K [0x00000000c0000000, 0x00000000c9580000, 0x00000000eab00000)
  object space 153088K, 82% used [0x00000000c0000000,0x00000000c7ae7fb0,0x00000000c9580000)
 Metaspace       used 87439K, committed 88896K, reserved 1179648K
  class space    used 8936K, committed 9600K, reserved 1048576K
}
Event: 1085.947 GC heap after
{Heap after GC invocations=1356 (full 43):
 PSYoungGen      total 4608K, used 532K [0x00000000eab00000, 0x00000000eb700000, 0x0000000100000000)
  eden space 3584K, 0% used [0x00000000eab00000,0x00000000eab00000,0x00000000eae80000)
  from space 1024K, 52% used [0x00000000eae80000,0x00000000eaf05200,0x00000000eaf80000)
  to   space 3072K, 0% used [0x00000000eb400000,0x00000000eb400000,0x00000000eb700000)
 ParOldGen       total 153088K, used 125863K [0x00000000c0000000, 0x00000000c9580000, 0x00000000eab00000)
  object space 153088K, 82% used [0x00000000c0000000,0x00000000c7ae9fb0,0x00000000c9580000)
 Metaspace       used 87439K, committed 88896K, reserved 1179648K
  class space    used 8936K, committed 9600K, reserved 1048576K
}
Event: 1085.954 GC heap before
{Heap before GC invocations=1357 (full 43):
 PSYoungGen      total 4608K, used 4116K [0x00000000eab00000, 0x00000000eb700000, 0x0000000100000000)
  eden space 3584K, 100% used [0x00000000eab00000,0x00000000eae80000,0x00000000eae80000)
  from space 1024K, 52% used [0x00000000eae80000,0x00000000eaf05200,0x00000000eaf80000)
  to   space 3072K, 0% used [0x00000000eb400000,0x00000000eb400000,0x00000000eb700000)
 ParOldGen       total 153088K, used 125863K [0x00000000c0000000, 0x00000000c9580000, 0x00000000eab00000)
  object space 153088K, 82% used [0x00000000c0000000,0x00000000c7ae9fb0,0x00000000c9580000)
 Metaspace       used 87439K, committed 88896K, reserved 1179648K
  class space    used 8936K, committed 9600K, reserved 1048576K
}

