# JRE version: OpenJDK Runtime Environment Temurin-17.0.7+7 (17.0.7+7) (build 17.0.7+7)
# Java VM: OpenJDK 64-Bit Server VM Temurin-17.0.7+7 (17.0.7+7, mixed mode, tiered, compressed oops, compressed class ptrs, g1 gc, windows-amd64)
GC Precious Log:
 CPUs: 8 total, 8 available
 Memory: 16107M
 Large Page Support: Disabled
 NUMA Support: Disabled
 Compressed Oops: Enabled (Zero based)
 Heap Region Size: 2M
 Heap Min Capacity: 8M
 Heap Initial Capacity: 252M
 Heap Max Capacity: 4028M
 Pre-touch: Disabled
 Parallel Workers: 8
 Concurrent Workers: 2
 Concurrent Refinement Workers: 8
 Periodic GC: Disabled
Heap:
 garbage-first heap   total 40960K, used 25866K [0x0000000704400000, 0x0000000800000000)
  region size 2048K, 9 young (18432K), 1 survivors (2048K)
 Metaspace       used 28894K, committed 29248K, reserved 1114112K
  class space    used 3463K, committed 3584K, reserved 1048576K
GC Heap History (12 events):
Event: 0.722 GC heap before
{Heap before GC invocations=0 (full 0):
 garbage-first heap   total 258048K, used 20480K [0x0000000704400000, 0x0000000800000000)
  region size 2048K, 11 young (22528K), 0 survivors (0K)
 Metaspace       used 11562K, committed 11712K, reserved 1114112K
  class space    used 1238K, committed 1280K, reserved 1048576K
}
Event: 0.725 GC heap after
{Heap after GC invocations=1 (full 0):
 garbage-first heap   total 258048K, used 6051K [0x0000000704400000, 0x0000000800000000)
  region size 2048K, 2 young (4096K), 2 survivors (4096K)
 Metaspace       used 11562K, committed 11712K, reserved 1114112K
  class space    used 1238K, committed 1280K, reserved 1048576K
}
Event: 1.764 GC heap before
{Heap before GC invocations=1 (full 0):
 garbage-first heap   total 258048K, used 28579K [0x0000000704400000, 0x0000000800000000)
  region size 2048K, 14 young (28672K), 2 survivors (4096K)
 Metaspace       used 18299K, committed 18496K, reserved 1114112K
  class space    used 2073K, committed 2176K, reserved 1048576K
}
Event: 1.768 GC heap after
{Heap after GC invocations=2 (full 0):
 garbage-first heap   total 258048K, used 7638K [0x0000000704400000, 0x0000000800000000)
  region size 2048K, 1 young (2048K), 1 survivors (2048K)
 Metaspace       used 18299K, committed 18496K, reserved 1114112K
  class space    used 2073K, committed 2176K, reserved 1048576K
}
Event: 1.926 GC heap before
{Heap before GC invocations=2 (full 0):
 garbage-first heap   total 258048K, used 17878K [0x0000000704400000, 0x0000000800000000)
  region size 2048K, 7 young (14336K), 1 survivors (2048K)
 Metaspace       used 21280K, committed 21504K, reserved 1114112K
  class space    used 2436K, committed 2560K, reserved 1048576K
}
Event: 1.928 GC heap after
{Heap after GC invocations=3 (full 0):
 garbage-first heap   total 258048K, used 8568K [0x0000000704400000, 0x0000000800000000)
  region size 2048K, 2 young (4096K), 2 survivors (4096K)
 Metaspace       used 21280K, committed 21504K, reserved 1114112K
  class space    used 2436K, committed 2560K, reserved 1048576K
}
Event: 2.591 GC heap before
{Heap before GC invocations=4 (full 0):
 garbage-first heap   total 40960K, used 27000K [0x0000000704400000, 0x0000000800000000)
  region size 2048K, 12 young (24576K), 2 survivors (4096K)
 Metaspace       used 24184K, committed 24448K, reserved 1114112K
  class space    used 2821K, committed 2944K, reserved 1048576K
}
Event: 2.594 GC heap after
{Heap after GC invocations=5 (full 0):
 garbage-first heap   total 40960K, used 10429K [0x0000000704400000, 0x0000000800000000)
  region size 2048K, 2 young (4096K), 2 survivors (4096K)
 Metaspace       used 24184K, committed 24448K, reserved 1114112K
  class space    used 2821K, committed 2944K, reserved 1048576K
}
Event: 2.822 GC heap before
{Heap before GC invocations=5 (full 0):
 garbage-first heap   total 40960K, used 12477K [0x0000000704400000, 0x0000000800000000)
  region size 2048K, 3 young (6144K), 2 survivors (4096K)
 Metaspace       used 24459K, committed 24768K, reserved 1114112K
  class space    used 2854K, committed 3008K, reserved 1048576K
}
Event: 2.825 GC heap after
{Heap after GC invocations=6 (full 0):
 garbage-first heap   total 40960K, used 10671K [0x0000000704400000, 0x0000000800000000)
  region size 2048K, 1 young (2048K), 1 survivors (2048K)
 Metaspace       used 24459K, committed 24768K, reserved 1114112K
  class space    used 2854K, committed 3008K, reserved 1048576K
}
Event: 3.590 GC heap before
{Heap before GC invocations=6 (full 0):
 garbage-first heap   total 40960K, used 27055K [0x0000000704400000, 0x0000000800000000)
  region size 2048K, 9 young (18432K), 1 survivors (2048K)
 Metaspace       used 26336K, committed 26624K, reserved 1114112K
  class space    used 3091K, committed 3200K, reserved 1048576K
}
Event: 3.592 GC heap after
{Heap after GC invocations=7 (full 0):
 garbage-first heap   total 40960K, used 11530K [0x0000000704400000, 0x0000000800000000)
  region size 2048K, 1 young (2048K), 1 survivors (2048K)
 Metaspace       used 26336K, committed 26624K, reserved 1114112K
  class space    used 3091K, committed 3200K, reserved 1048576K
}

